<?xml version="1.0" encoding="UTF-8"?>
<!-- Generated by org.testng.reporters.JUnitReportReporter -->
<testsuite hostname="FA064110" failures="0" tests="1" name="com.appautomation.acres99.AppTest" time="0.053" errors="0" timestamp="2025-09-26T20:40:46 IST" skipped="0">
  <testcase classname="com.appautomation.acres99.AppTest" name="shouldAnswerWithTrue" time="0.053"/>
</testsuite> <!-- com.appautomation.acres99.AppTest -->
